g:\1.devproject\kumyoung-karaoke-clone\work\fluidsynth\fluidsynth-2.0.6\src\libfluidsynth-obj.dir\release\fluid_rvoice_event.obj
g:\1.devproject\kumyoung-karaoke-clone\work\fluidsynth\fluidsynth-2.0.6\src\libfluidsynth-obj.dir\release\fluid_rvoice_dsp.obj
g:\1.devproject\kumyoung-karaoke-clone\work\fluidsynth\fluidsynth-2.0.6\src\libfluidsynth-obj.dir\release\fluid_rvoice.obj
g:\1.devproject\kumyoung-karaoke-clone\work\fluidsynth\fluidsynth-2.0.6\src\libfluidsynth-obj.dir\release\fluid_lfo.obj
g:\1.devproject\kumyoung-karaoke-clone\work\fluidsynth\fluidsynth-2.0.6\src\libfluidsynth-obj.dir\release\fluid_iir_filter.obj
g:\1.devproject\kumyoung-karaoke-clone\work\fluidsynth\fluidsynth-2.0.6\src\libfluidsynth-obj.dir\release\fluid_chorus.obj
g:\1.devproject\kumyoung-karaoke-clone\work\fluidsynth\fluidsynth-2.0.6\src\libfluidsynth-obj.dir\release\fluid_adsr_env.obj
g:\1.devproject\kumyoung-karaoke-clone\work\fluidsynth\fluidsynth-2.0.6\src\libfluidsynth-obj.dir\release\fluid_samplecache.obj
g:\1.devproject\kumyoung-karaoke-clone\work\fluidsynth\fluidsynth-2.0.6\src\libfluidsynth-obj.dir\release\fluid_sffile.obj
g:\1.devproject\kumyoung-karaoke-clone\work\fluidsynth\fluidsynth-2.0.6\src\libfluidsynth-obj.dir\release\fluid_sfont.obj
g:\1.devproject\kumyoung-karaoke-clone\work\fluidsynth\fluidsynth-2.0.6\src\libfluidsynth-obj.dir\release\fluid_defsfont.obj
g:\1.devproject\kumyoung-karaoke-clone\work\fluidsynth\fluidsynth-2.0.6\src\libfluidsynth-obj.dir\release\fluid_sys.obj
g:\1.devproject\kumyoung-karaoke-clone\work\fluidsynth\fluidsynth-2.0.6\src\libfluidsynth-obj.dir\release\fluid_settings.obj
g:\1.devproject\kumyoung-karaoke-clone\work\fluidsynth\fluidsynth-2.0.6\src\libfluidsynth-obj.dir\release\fluid_ringbuffer.obj
g:\1.devproject\kumyoung-karaoke-clone\work\fluidsynth\fluidsynth-2.0.6\src\libfluidsynth-obj.dir\release\fluid_list.obj
g:\1.devproject\kumyoung-karaoke-clone\work\fluidsynth\fluidsynth-2.0.6\src\libfluidsynth-obj.dir\release\fluid_hash.obj
g:\1.devproject\kumyoung-karaoke-clone\work\fluidsynth\fluidsynth-2.0.6\src\libfluidsynth-obj.dir\release\fluid_conv.obj
g:\1.devproject\kumyoung-karaoke-clone\work\fluidsynth\fluidsynth-2.0.6\src\libfluidsynth-obj.dir\release\fluid_winmidi.obj
g:\1.devproject\kumyoung-karaoke-clone\work\fluidsynth\fluidsynth-2.0.6\src\libfluidsynth-obj.dir\release\fluid_dsound.obj
g:\1.devproject\kumyoung-karaoke-clone\work\fluidsynth\fluidsynth-2.0.6\src\libfluidsynth-obj.dir\release\fluid_aufile.obj
g:\1.devproject\kumyoung-karaoke-clone\work\fluidsynth\fluidsynth-2.0.6\src\libfluidsynth-obj.dir\release\fluid_ladspa.obj
g:\1.devproject\kumyoung-karaoke-clone\work\fluidsynth\fluidsynth-2.0.6\src\libfluidsynth-obj.dir\release\fluid_filerenderer.obj
g:\1.devproject\kumyoung-karaoke-clone\work\fluidsynth\fluidsynth-2.0.6\src\libfluidsynth-obj.dir\release\fluid_cmd.obj
g:\1.devproject\kumyoung-karaoke-clone\work\fluidsynth\fluidsynth-2.0.6\src\libfluidsynth-obj.dir\release\fluid_mdriver.obj
g:\1.devproject\kumyoung-karaoke-clone\work\fluidsynth\fluidsynth-2.0.6\src\libfluidsynth-obj.dir\release\fluid_adriver.obj
g:\1.devproject\kumyoung-karaoke-clone\work\fluidsynth\fluidsynth-2.0.6\src\libfluidsynth-obj.dir\release\fluid_seq.obj
g:\1.devproject\kumyoung-karaoke-clone\work\fluidsynth\fluidsynth-2.0.6\src\libfluidsynth-obj.dir\release\fluid_seqbind.obj
g:\1.devproject\kumyoung-karaoke-clone\work\fluidsynth\fluidsynth-2.0.6\src\libfluidsynth-obj.dir\release\fluid_midi_router.obj
g:\1.devproject\kumyoung-karaoke-clone\work\fluidsynth\fluidsynth-2.0.6\src\libfluidsynth-obj.dir\release\fluid_midi.obj
g:\1.devproject\kumyoung-karaoke-clone\work\fluidsynth\fluidsynth-2.0.6\src\libfluidsynth-obj.dir\release\fluid_voice.obj
g:\1.devproject\kumyoung-karaoke-clone\work\fluidsynth\fluidsynth-2.0.6\src\libfluidsynth-obj.dir\release\fluid_tuning.obj
g:\1.devproject\kumyoung-karaoke-clone\work\fluidsynth\fluidsynth-2.0.6\src\libfluidsynth-obj.dir\release\fluid_synth_monopoly.obj
g:\1.devproject\kumyoung-karaoke-clone\work\fluidsynth\fluidsynth-2.0.6\src\libfluidsynth-obj.dir\release\fluid_synth.obj
g:\1.devproject\kumyoung-karaoke-clone\work\fluidsynth\fluidsynth-2.0.6\src\libfluidsynth-obj.dir\release\fluid_mod.obj
g:\1.devproject\kumyoung-karaoke-clone\work\fluidsynth\fluidsynth-2.0.6\src\libfluidsynth-obj.dir\release\fluid_gen.obj
g:\1.devproject\kumyoung-karaoke-clone\work\fluidsynth\fluidsynth-2.0.6\src\libfluidsynth-obj.dir\release\fluid_event.obj
g:\1.devproject\kumyoung-karaoke-clone\work\fluidsynth\fluidsynth-2.0.6\src\libfluidsynth-obj.dir\release\fluid_chan.obj
g:\1.devproject\kumyoung-karaoke-clone\work\fluidsynth\fluidsynth-2.0.6\src\libfluidsynth-obj.dir\release\fluid_rev.obj
g:\1.devproject\kumyoung-karaoke-clone\work\fluidsynth\fluidsynth-2.0.6\src\libfluidsynth-obj.dir\release\fluid_rvoice_mixer.obj
g:\1.devproject\kumyoung-karaoke-clone\work\fluidsynth\fluidsynth-2.0.6\src\cmakefiles\generate.stamp
g:\1.devproject\kumyoung-karaoke-clone\work\fluidsynth\fluidsynth-2.0.6\src\libfluidsynth-obj.dir\release\libfluidsynth-obj.lib
g:\1.devproject\kumyoung-karaoke-clone\work\fluidsynth\fluidsynth-2.0.6\src\libfluidsynth-obj.dir\release\versionresource.res
g:\1.devproject\kumyoung-karaoke-clone\work\fluidsynth\fluidsynth-2.0.6\src\libfluidsynth-obj.dir\release\libfluid.f4889b7e.tlog\cl.command.1.tlog
g:\1.devproject\kumyoung-karaoke-clone\work\fluidsynth\fluidsynth-2.0.6\src\libfluidsynth-obj.dir\release\libfluid.f4889b7e.tlog\cl.read.1.tlog
g:\1.devproject\kumyoung-karaoke-clone\work\fluidsynth\fluidsynth-2.0.6\src\libfluidsynth-obj.dir\release\libfluid.f4889b7e.tlog\cl.write.1.tlog
g:\1.devproject\kumyoung-karaoke-clone\work\fluidsynth\fluidsynth-2.0.6\src\libfluidsynth-obj.dir\release\libfluid.f4889b7e.tlog\custombuild.command.1.tlog
g:\1.devproject\kumyoung-karaoke-clone\work\fluidsynth\fluidsynth-2.0.6\src\libfluidsynth-obj.dir\release\libfluid.f4889b7e.tlog\custombuild.read.1.tlog
g:\1.devproject\kumyoung-karaoke-clone\work\fluidsynth\fluidsynth-2.0.6\src\libfluidsynth-obj.dir\release\libfluid.f4889b7e.tlog\custombuild.write.1.tlog
g:\1.devproject\kumyoung-karaoke-clone\work\fluidsynth\fluidsynth-2.0.6\src\libfluidsynth-obj.dir\release\libfluid.f4889b7e.tlog\lib-link-cvtres.read.1.tlog
g:\1.devproject\kumyoung-karaoke-clone\work\fluidsynth\fluidsynth-2.0.6\src\libfluidsynth-obj.dir\release\libfluid.f4889b7e.tlog\lib-link-cvtres.write.1.tlog
g:\1.devproject\kumyoung-karaoke-clone\work\fluidsynth\fluidsynth-2.0.6\src\libfluidsynth-obj.dir\release\libfluid.f4889b7e.tlog\lib.command.1.tlog
g:\1.devproject\kumyoung-karaoke-clone\work\fluidsynth\fluidsynth-2.0.6\src\libfluidsynth-obj.dir\release\libfluid.f4889b7e.tlog\rc.command.1.tlog
g:\1.devproject\kumyoung-karaoke-clone\work\fluidsynth\fluidsynth-2.0.6\src\libfluidsynth-obj.dir\release\libfluid.f4889b7e.tlog\rc.read.1.tlog
g:\1.devproject\kumyoung-karaoke-clone\work\fluidsynth\fluidsynth-2.0.6\src\libfluidsynth-obj.dir\release\libfluid.f4889b7e.tlog\rc.write.1.tlog
